-encoding
UTF-8
-outxml
-source
1.6
-target
1.6
-classpath
C:\Users\yingming.fang\.m2\repository\javax\persistence\persistence-api\1.0\persistence-api-1.0.jar;C:\Users\yingming.fang\.m2\repository\org\hibernate\javax\persistence\hibernate-jpa-2.0-api\1.0.0.Final\hibernate-jpa-2.0-api-1.0.0.Final.jar;C:\Users\yingming.fang\.m2\repository\mysql\mysql-connector-java\5.1.18\mysql-connector-java-5.1.18.jar;C:\Users\yingming.fang\.m2\repository\org\jooq\jooq\3.2.2\jooq-3.2.2.jar;C:\Users\yingming.fang\.m2\repository\org\jooq\jooq-meta\3.2.2\jooq-meta-3.2.2.jar;C:\Users\yingming.fang\.m2\repository\org\jooq\jooq-codegen\3.2.2\jooq-codegen-3.2.2.jar;C:\Users\yingming.fang\.m2\repository\junit\junit\4.11\junit-4.11.jar;C:\Users\yingming.fang\.m2\repository\log4j\log4j\1.2.17\log4j-1.2.17.jar;C:\Users\yingming.fang\.m2\repository\org\slf4j\slf4j-api\1.7.5\slf4j-api-1.7.5.jar;C:\Users\yingming.fang\.m2\repository\org\slf4j\jcl-over-slf4j\1.7.5\jcl-over-slf4j-1.7.5.jar;C:\Users\yingming.fang\.m2\repository\org\slf4j\slf4j-log4j12\1.7.5\slf4j-log4j12-1.7.5.jar;C:\Users\yingming.fang\.m2\repository\org\aspectj\aspectjrt\1.7.2\aspectjrt-1.7.2.jar;C:\Users\yingming.fang\.m2\repository\org\aspectj\aspectjweaver\1.7.2\aspectjweaver-1.7.2.jar;C:\Users\yingming.fang\.m2\repository\javax\servlet\servlet-api\2.5\servlet-api-2.5.jar;C:\Users\yingming.fang\.m2\repository\net\sf\flexjson\flexjson\2.1\flexjson-2.1.jar;C:\Users\yingming.fang\.m2\repository\org\apache\commons\commons-lang3\3.1\commons-lang3-3.1.jar;C:\Users\yingming.fang\.m2\repository\org\springframework\roo\org.springframework.roo.annotations\1.2.4.RELEASE\org.springframework.roo.annotations-1.2.4.RELEASE.jar;C:\Users\yingming.fang\.m2\repository\org\springframework\spring-core\3.2.3.RELEASE\spring-core-3.2.3.RELEASE.jar;C:\Users\yingming.fang\.m2\repository\org\springframework\spring-test\3.2.3.RELEASE\spring-test-3.2.3.RELEASE.jar;C:\Users\yingming.fang\.m2\repository\org\springframework\spring-tx\3.2.3.RELEASE\spring-tx-3.2.3.RELEASE.jar;C:\Users\yingming.fang\.m2\repository\org\springframework\spring-context\3.2.3.RELEASE\spring-context-3.2.3.RELEASE.jar;C:\Users\yingming.fang\.m2\repository\org\springframework\spring-aop\3.2.3.RELEASE\spring-aop-3.2.3.RELEASE.jar;C:\Users\yingming.fang\.m2\repository\org\springframework\spring-aspects\3.2.3.RELEASE\spring-aspects-3.2.3.RELEASE.jar;C:\Users\yingming.fang\.m2\repository\commons-io\commons-io\2.1\commons-io-2.1.jar;C:\Users\yingming.fang\.m2\repository\commons-codec\commons-codec\1.6\commons-codec-1.6.jar;C:\Users\yingming.fang\.m2\repository\aopalliance\aopalliance\1.0\aopalliance-1.0.jar;C:\Users\yingming.fang\.m2\repository\org\springframework\spring-beans\3.2.3.RELEASE\spring-beans-3.2.3.RELEASE.jar;C:\Users\yingming.fang\.m2\repository\org\springframework\spring-expression\3.2.3.RELEASE\spring-expression-3.2.3.RELEASE.jar;C:\Users\yingming.fang\.m2\repository\org\springframework\spring-context-support\3.2.3.RELEASE\spring-context-support-3.2.3.RELEASE.jar;C:\Yingming Fang\project\blog-transfer\blog-model\target\classes
-aspectpath
C:\Users\yingming.fang\.m2\repository\org\springframework\spring-aspects\3.2.3.RELEASE\spring-aspects-3.2.3.RELEASE.jar
-d
C:\Yingming Fang\project\blog-transfer\blog-model\target\classes
C:\Yingming Fang\project\blog-transfer\blog-model\target\generated-sources\jooq\com\myblog\schema\Blog.java
C:\Yingming Fang\project\blog-transfer\blog-model\target\generated-sources\jooq\com\myblog\schema\Keys.java
C:\Yingming Fang\project\blog-transfer\blog-model\target\generated-sources\jooq\com\myblog\schema\tables\Databasechangelog.java
C:\Yingming Fang\project\blog-transfer\blog-model\target\generated-sources\jooq\com\myblog\schema\tables\Databasechangeloglock.java
C:\Yingming Fang\project\blog-transfer\blog-model\target\generated-sources\jooq\com\myblog\schema\tables\records\DatabasechangeloglockRecord.java
C:\Yingming Fang\project\blog-transfer\blog-model\target\generated-sources\jooq\com\myblog\schema\tables\records\DatabasechangelogRecord.java
C:\Yingming Fang\project\blog-transfer\blog-model\target\generated-sources\jooq\com\myblog\schema\tables\records\TimerRecord.java
C:\Yingming Fang\project\blog-transfer\blog-model\target\generated-sources\jooq\com\myblog\schema\tables\records\UserBlogRecord.java
C:\Yingming Fang\project\blog-transfer\blog-model\target\generated-sources\jooq\com\myblog\schema\tables\records\UserRecord.java
C:\Yingming Fang\project\blog-transfer\blog-model\target\generated-sources\jooq\com\myblog\schema\tables\Timer.java
C:\Yingming Fang\project\blog-transfer\blog-model\target\generated-sources\jooq\com\myblog\schema\tables\User.java
C:\Yingming Fang\project\blog-transfer\blog-model\target\generated-sources\jooq\com\myblog\schema\tables\UserBlog.java
C:\Yingming Fang\project\blog-transfer\blog-model\target\generated-sources\jooq\com\myblog\schema\Tables.java
