INFO Shutdown org.springframework.web.context.support.XmlWebApplicationContext - Closing Root WebApplicationContext: startup date [Sun Jan 26 17:20:50 CST 2014]; root of context hierarchy
INFO Shutdown org.springframework.beans.factory.support.DefaultListableBeanFactory - Destroying singletons in org.springframework.beans.factory.support.DefaultListableBeanFactory@24fc01e3: defining beans [org.springframework.context.support.PropertySourcesPlaceholderConfigurer#0,org.springframework.context.config.internalBeanConfigurerAspect,getBlogItemList,readingBlogDAO,org.springframework.context.annotation.internalConfigurationAnnotationProcessor,org.springframework.context.annotation.internalAutowiredAnnotationProcessor,org.springframework.context.annotation.internalRequiredAnnotationProcessor,org.springframework.context.annotation.internalCommonAnnotationProcessor,org.springframework.context.annotation.internalPersistenceAnnotationProcessor,appDS,transactionManager,org.springframework.transaction.config.internalTransactionAspect,entityManagerFactory,mailSender,org.springframework.context.support.PropertySourcesPlaceholderConfigurer#1,org.springframework.context.annotation.ConfigurationClassPostProcessor.importAwareProcessor]; root of factory hierarchy
INFO Shutdown org.springframework.orm.jpa.LocalContainerEntityManagerFactoryBean - Closing JPA EntityManagerFactory for persistence unit 'persistenceUnit'
INFO main org.springframework.web.context.ContextLoader - Root WebApplicationContext: initialization started
INFO main org.springframework.web.context.support.XmlWebApplicationContext - Refreshing Root WebApplicationContext: startup date [Sun Jan 26 17:22:09 CST 2014]; root of context hierarchy
INFO main org.springframework.beans.factory.xml.XmlBeanDefinitionReader - Loading XML bean definitions from file [C:\Yingming Fang\project\blog-transfer\blog-service\target\classes\META-INF\spring\applicationContext.xml]
INFO main org.springframework.beans.factory.xml.XmlBeanDefinitionReader - Loading XML bean definitions from URL [jar:file:/C:/Users/yingming.fang/.m2/repository/com/blog/model/blog-model/0.1.0.BUILD-SNAPSHOT/blog-model-0.1.0.BUILD-SNAPSHOT.jar!/META-INF/spring/applicationContext.xml]
INFO main org.springframework.context.support.PropertySourcesPlaceholderConfigurer - Loading properties file from file [C:\Yingming Fang\project\blog-transfer\blog-service\target\classes\META-INF\spring\database.properties]
INFO main org.springframework.context.support.PropertySourcesPlaceholderConfigurer - Loading properties file from file [C:\Yingming Fang\project\blog-transfer\blog-service\target\classes\META-INF\spring\email.properties]
INFO main org.springframework.context.support.PropertySourcesPlaceholderConfigurer - Loading properties file from file [C:\Yingming Fang\project\blog-transfer\blog-service\target\classes\META-INF\spring\database.properties]
INFO main org.springframework.context.support.PropertySourcesPlaceholderConfigurer - Loading properties file from file [C:\Yingming Fang\project\blog-transfer\blog-service\target\classes\META-INF\spring\email.properties]
INFO main org.springframework.orm.jpa.LocalContainerEntityManagerFactoryBean - Building JPA container EntityManagerFactory for persistence unit 'persistenceUnit'
INFO main org.hibernate.annotations.common.Version - HCANN000001: Hibernate Commons Annotations {4.0.2.Final}
INFO main org.hibernate.Version - HHH000412: Hibernate Core {4.2.2.Final}
INFO main org.hibernate.cfg.Environment - HHH000206: hibernate.properties not found
INFO main org.hibernate.cfg.Environment - HHH000021: Bytecode provider name : javassist
INFO main org.hibernate.ejb.Ejb3Configuration - HHH000204: Processing PersistenceUnitInfo [
	name: persistenceUnit
	...]
INFO main org.hibernate.service.jdbc.connections.internal.ConnectionProviderInitiator - HHH000130: Instantiating explicit connection provider: org.hibernate.ejb.connection.InjectedDataSourceConnectionProvider
INFO main org.hibernate.dialect.Dialect - HHH000400: Using dialect: org.hibernate.dialect.MySQL5InnoDBDialect
INFO main org.hibernate.engine.transaction.internal.TransactionFactoryInitiator - HHH000268: Transaction strategy: org.hibernate.engine.transaction.internal.jdbc.JdbcTransactionFactory
INFO main org.hibernate.hql.internal.ast.ASTQueryTranslatorFactory - HHH000397: Using ASTQueryTranslatorFactory
INFO main org.hibernate.validator.internal.util.Version - HV000001: Hibernate Validator 4.3.1.Final
INFO main org.hibernate.tool.hbm2ddl.SchemaExport - HHH000227: Running hbm2ddl schema export
INFO main org.hibernate.tool.hbm2ddl.SchemaExport - HHH000230: Schema export complete
INFO main org.springframework.beans.factory.support.DefaultListableBeanFactory - Pre-instantiating singletons in org.springframework.beans.factory.support.DefaultListableBeanFactory@4444ba4f: defining beans [org.springframework.context.support.PropertySourcesPlaceholderConfigurer#0,org.springframework.context.config.internalBeanConfigurerAspect,getBlogItemList,readingBlogDAO,org.springframework.context.annotation.internalConfigurationAnnotationProcessor,org.springframework.context.annotation.internalAutowiredAnnotationProcessor,org.springframework.context.annotation.internalRequiredAnnotationProcessor,org.springframework.context.annotation.internalCommonAnnotationProcessor,org.springframework.context.annotation.internalPersistenceAnnotationProcessor,appDS,transactionManager,org.springframework.transaction.config.internalTransactionAspect,entityManagerFactory,mailSender,org.springframework.context.support.PropertySourcesPlaceholderConfigurer#1,org.springframework.context.annotation.ConfigurationClassPostProcessor.importAwareProcessor]; root of factory hierarchy
INFO main org.springframework.web.context.ContextLoader - Root WebApplicationContext: initialization completed in 1818 ms
INFO main org.springframework.web.servlet.DispatcherServlet - FrameworkServlet 'blog-service': initialization started
INFO main org.springframework.web.context.support.XmlWebApplicationContext - Refreshing WebApplicationContext for namespace 'blog-service-servlet': startup date [Sun Jan 26 17:22:11 CST 2014]; parent: Root WebApplicationContext
INFO main org.springframework.beans.factory.xml.XmlBeanDefinitionReader - Loading XML bean definitions from ServletContext resource [/WEB-INF/spring/webmvc-config.xml]
INFO main org.springframework.beans.factory.support.DefaultListableBeanFactory - Pre-instantiating singletons in org.springframework.beans.factory.support.DefaultListableBeanFactory@f9b01b5: defining beans [controllerSimple,org.springframework.context.annotation.internalConfigurationAnnotationProcessor,org.springframework.context.annotation.internalAutowiredAnnotationProcessor,org.springframework.context.annotation.internalRequiredAnnotationProcessor,org.springframework.context.annotation.internalCommonAnnotationProcessor,org.springframework.context.annotation.internalPersistenceAnnotationProcessor,mvcContentNegotiationManager,org.springframework.web.servlet.mvc.method.annotation.RequestMappingHandlerMapping#0,org.springframework.format.support.FormattingConversionServiceFactoryBean#0,org.springframework.validation.beanvalidation.LocalValidatorFactoryBean#0,org.springframework.web.servlet.mvc.method.annotation.RequestMappingHandlerAdapter#0,org.springframework.web.servlet.handler.MappedInterceptor#0,org.springframework.web.servlet.mvc.method.annotation.ExceptionHandlerExceptionResolver#0,org.springframework.web.servlet.mvc.annotation.ResponseStatusExceptionResolver#0,org.springframework.web.servlet.mvc.support.DefaultHandlerExceptionResolver#0,org.springframework.web.servlet.handler.BeanNameUrlHandlerMapping,org.springframework.web.servlet.mvc.HttpRequestHandlerAdapter,org.springframework.web.servlet.mvc.SimpleControllerHandlerAdapter,org.springframework.web.servlet.resource.ResourceHttpRequestHandler#0,org.springframework.web.servlet.handler.SimpleUrlHandlerMapping#0,org.springframework.web.servlet.resource.DefaultServletHttpRequestHandler#0,org.springframework.web.servlet.handler.SimpleUrlHandlerMapping#1,org.springframework.web.servlet.handler.MappedInterceptor#1,org.springframework.web.servlet.handler.MappedInterceptor#2,org.springframework.web.servlet.config.viewControllerHandlerMapping,messageSource,localeResolver,themeSource,themeResolver,org.springframework.web.servlet.handler.SimpleMappingExceptionResolver#0,multipartResolver,tilesViewResolver,tilesConfigurer,org.springframework.context.annotation.ConfigurationClassPostProcessor.importAwareProcessor]; parent: org.springframework.beans.factory.support.DefaultListableBeanFactory@4444ba4f
INFO main org.springframework.web.servlet.mvc.method.annotation.RequestMappingHandlerMapping - Mapped "{[/db],methods=[],params=[],headers=[],consumes=[],produces=[],custom=[]}" onto org.springframework.web.servlet.ModelAndView com.myblog.transfer.web.ControllerSimple.testDb()
INFO main org.springframework.web.servlet.mvc.method.annotation.RequestMappingHandlerMapping - Mapped "{[/test],methods=[],params=[],headers=[],consumes=[],produces=[],custom=[]}" onto org.springframework.web.servlet.ModelAndView com.myblog.transfer.web.ControllerSimple.sendEmail()
INFO main org.springframework.web.servlet.handler.SimpleUrlHandlerMapping - Mapped URL path [/resources/**] onto handler 'org.springframework.web.servlet.resource.ResourceHttpRequestHandler#0'
INFO main org.springframework.web.servlet.handler.SimpleUrlHandlerMapping - Mapped URL path [/**] onto handler 'org.springframework.web.servlet.resource.DefaultServletHttpRequestHandler#0'
INFO main org.springframework.web.servlet.handler.SimpleUrlHandlerMapping - Mapped URL path [/uncaughtException] onto handler of type [class org.springframework.web.servlet.mvc.ParameterizableViewController]
INFO main org.springframework.web.servlet.handler.SimpleUrlHandlerMapping - Mapped URL path [/resourceNotFound] onto handler of type [class org.springframework.web.servlet.mvc.ParameterizableViewController]
INFO main org.springframework.web.servlet.handler.SimpleUrlHandlerMapping - Mapped URL path [/dataAccessFailure] onto handler of type [class org.springframework.web.servlet.mvc.ParameterizableViewController]
INFO main org.springframework.web.servlet.handler.SimpleUrlHandlerMapping - Root mapping to handler of type [class org.springframework.web.servlet.mvc.ParameterizableViewController]
INFO main org.springframework.web.servlet.view.tiles2.TilesConfigurer - TilesConfigurer: adding definitions [/WEB-INF/layouts/layouts.xml,/WEB-INF/views/**/views.xml]
INFO main org.apache.tiles.context.AbstractTilesApplicationContextFactory - Initializing Tiles2 application context. . .
INFO main org.apache.tiles.context.AbstractTilesApplicationContextFactory - Finished initializing Tiles2 application context.
INFO main org.apache.tiles.access.TilesAccess - Publishing TilesContext for context: org.springframework.web.servlet.view.tiles2.SpringTilesApplicationContextFactory$SpringWildcardServletTilesApplicationContext
INFO main org.springframework.web.servlet.DispatcherServlet - FrameworkServlet 'blog-service': initialization completed in 993 ms
INFO 894063189@qtp-77371900-0 com.myblog.transfer.web.ControllerSimple - start to testDb .....
INFO 894063189@qtp-77371900-0 com.myblog.transfer.bo.GetBlogItemList - start to execute GetBlogItemList....
INFO 894063189@qtp-77371900-0 com.myblog.transfer.dao.ReadingBlogDAO - start to execute get Blog
INFO 894063189@qtp-77371900-0 com.myblog.transfer.dao.ReadingBlogDAO - finish executing get Blog
INFO 894063189@qtp-77371900-0 com.myblog.transfer.dao.ReadingBlogDAO - size::2
INFO 894063189@qtp-77371900-0 com.myblog.transfer.bo.GetBlogItemList - end to execute GetBlogItemList....
INFO 894063189@qtp-77371900-0 com.myblog.transfer.bo.GetBlogItemList - all blog number:2
INFO 894063189@qtp-77371900-0 com.myblog.transfer.web.ControllerSimple - item:0 :+-------+--------+--------------+----------------------+----------------------+-------+
|blog_id|title   |article       |create_time           |last_edit             |user_id|
+-------+--------+--------------+----------------------+----------------------+-------+
|     *1|*my blog|*hello world 	|*2014-01-26 16:16:46.0|*2012-04-13 00:00:00.0|     *1|
+-------+--------+--------------+----------------------+----------------------+-------+
INFO 894063189@qtp-77371900-0 com.myblog.transfer.web.ControllerSimple - item:0 :+-------+-----------+-------+----------------------+----------------------+-------+
|blog_id|title      |article|create_time           |last_edit             |user_id|
+-------+-----------+-------+----------------------+----------------------+-------+
|     *2|*short mess|*hahha	|*2014-01-26 16:17:26.0|*2014-01-26 00:00:00.0|     *1|
+-------+-----------+-------+----------------------+----------------------+-------+
INFO 894063189@qtp-77371900-0 com.myblog.transfer.web.ControllerSimple - end to testDb .....
