DEBUG http-8080-1 org.hibernate.integrator.internal.IntegratorServiceImpl - Adding Integrator [org.hibernate.cfg.beanvalidation.BeanValidationIntegrator].
DEBUG http-8080-1 org.hibernate.cfg.Configuration - Preparing to build session factory with filters : {}
DEBUG http-8080-1 org.hibernate.engine.jdbc.internal.JdbcServicesImpl - Database ->
       name : MySQL
    version : 5.6.12
      major : 5
      minor : 6
DEBUG http-8080-1 org.hibernate.engine.jdbc.internal.JdbcServicesImpl - Driver ->
       name : MySQL-AB JDBC Driver
    version : mysql-connector-java-5.1.18 ( Revision: tonci.grgin@oracle.com-20110930151701-jfj14ddfq48ifkfq )
      major : 5
      minor : 1
DEBUG http-8080-1 org.hibernate.engine.jdbc.internal.JdbcServicesImpl - JDBC version : 4.0
INFO http-8080-1 org.hibernate.dialect.Dialect - HHH000400: Using dialect: org.hibernate.dialect.MySQLDialect
DEBUG http-8080-1 org.hibernate.cfg.Configuration - Processing hbm.xml files
DEBUG http-8080-1 org.hibernate.cfg.Configuration - Process annotated classes
DEBUG http-8080-1 org.hibernate.cfg.Configuration - Processing fk mappings (*ToOne and JoinedSubclass)
DEBUG http-8080-1 org.hibernate.cfg.Configuration - Processing extends queue
DEBUG http-8080-1 org.hibernate.cfg.Configuration - Processing extends queue
DEBUG http-8080-1 org.hibernate.cfg.Configuration - Processing collection mappings
DEBUG http-8080-1 org.hibernate.cfg.Configuration - Processing native query and ResultSetMapping mappings
DEBUG http-8080-1 org.hibernate.cfg.Configuration - Processing association property references
DEBUG http-8080-1 org.hibernate.cfg.Configuration - Creating tables' unique integer identifiers
DEBUG http-8080-1 org.hibernate.cfg.Configuration - Processing foreign key constraints
DEBUG http-8080-1 org.hibernate.cfg.SettingsFactory - Automatic flush during beforeCompletion(): disabled
DEBUG http-8080-1 org.hibernate.cfg.SettingsFactory - Automatic session close at end of transaction: disabled
DEBUG http-8080-1 org.hibernate.cfg.SettingsFactory - JDBC batch size: 15
DEBUG http-8080-1 org.hibernate.cfg.SettingsFactory - JDBC batch updates for versioned data: disabled
DEBUG http-8080-1 org.hibernate.cfg.SettingsFactory - Scrollable result sets: enabled
DEBUG http-8080-1 org.hibernate.cfg.SettingsFactory - Wrap result sets: disabled
DEBUG http-8080-1 org.hibernate.cfg.SettingsFactory - JDBC3 getGeneratedKeys(): enabled
DEBUG http-8080-1 org.hibernate.cfg.SettingsFactory - multi-tenancy strategy : NONE
DEBUG http-8080-1 org.hibernate.cfg.SettingsFactory - Connection release mode: auto
INFO http-8080-1 org.hibernate.engine.transaction.internal.TransactionFactoryInitiator - HHH000399: Using default transaction strategy (direct JDBC transactions)
DEBUG http-8080-1 org.hibernate.cfg.SettingsFactory - Using BatchFetchStyle : LEGACY
DEBUG http-8080-1 org.hibernate.cfg.SettingsFactory - Maximum outer join fetch depth: 2
DEBUG http-8080-1 org.hibernate.cfg.SettingsFactory - Default batch fetch size: 1
DEBUG http-8080-1 org.hibernate.cfg.SettingsFactory - Generate SQL with comments: disabled
DEBUG http-8080-1 org.hibernate.cfg.SettingsFactory - Order SQL updates by primary key: disabled
DEBUG http-8080-1 org.hibernate.cfg.SettingsFactory - Order SQL inserts for batching: disabled
DEBUG http-8080-1 org.hibernate.cfg.SettingsFactory - Default null ordering: none
DEBUG http-8080-1 org.hibernate.cfg.SettingsFactory - Query translator: org.hibernate.hql.internal.ast.ASTQueryTranslatorFactory
INFO http-8080-1 org.hibernate.hql.internal.ast.ASTQueryTranslatorFactory - HHH000397: Using ASTQueryTranslatorFactory
DEBUG http-8080-1 org.hibernate.cfg.SettingsFactory - Query language substitutions: {}
DEBUG http-8080-1 org.hibernate.cfg.SettingsFactory - JPA-QL strict compliance: disabled
DEBUG http-8080-1 org.hibernate.cfg.SettingsFactory - Second-level cache: enabled
DEBUG http-8080-1 org.hibernate.cfg.SettingsFactory - Query cache: disabled
DEBUG http-8080-1 org.hibernate.cfg.SettingsFactory - Cache region factory : org.hibernate.cache.internal.NoCachingRegionFactory
DEBUG http-8080-1 org.hibernate.cfg.SettingsFactory - org.hibernate.cache.internal.NoCachingRegionFactory did not provide constructor accepting java.util.Properties; attempting no-arg constructor.
DEBUG http-8080-1 org.hibernate.cfg.SettingsFactory - Optimize cache for minimal puts: disabled
DEBUG http-8080-1 org.hibernate.cfg.SettingsFactory - Structured second-level cache entries: disabled
DEBUG http-8080-1 org.hibernate.cfg.SettingsFactory - Second-level cache direct-reference entries: disabled
DEBUG http-8080-1 org.hibernate.cfg.SettingsFactory - Statistics: disabled
DEBUG http-8080-1 org.hibernate.cfg.SettingsFactory - Deleted entity synthetic identifier rollback: disabled
DEBUG http-8080-1 org.hibernate.cfg.SettingsFactory - Default entity-mode: pojo
DEBUG http-8080-1 org.hibernate.cfg.SettingsFactory - Named query checking : enabled
DEBUG http-8080-1 org.hibernate.cfg.SettingsFactory - Check Nullability in Core (should be disabled when Bean Validation is on): enabled
DEBUG http-8080-1 org.hibernate.cfg.SettingsFactory - Allow initialization of lazy state outside session : : disabled
DEBUG http-8080-1 org.hibernate.cfg.SettingsFactory - JTA Track by Thread: enabled
DEBUG http-8080-1 org.hibernate.internal.SessionFactoryImpl - Building session factory
DEBUG http-8080-1 org.hibernate.internal.SessionFactoryImpl - Session factory constructed with filter configurations : {}
DEBUG http-8080-1 org.hibernate.internal.SessionFactoryImpl - Instantiating session factory with properties: {java.vendor=Oracle Corporation, sun.java.launcher=SUN_STANDARD, catalina.base=C:\Yingming Fang\project\blog-transfer\multi-database-service\target\tomcat, sun.management.compiler=HotSpot 64-Bit Tiered Compilers, catalina.useNaming=true, os.name=Windows 7, sun.boot.class.path=C:\Program Files\Java\jdk1.7\jre\lib\resources.jar;C:\Program Files\Java\jdk1.7\jre\lib\rt.jar;C:\Program Files\Java\jdk1.7\jre\lib\sunrsasign.jar;C:\Program Files\Java\jdk1.7\jre\lib\jsse.jar;C:\Program Files\Java\jdk1.7\jre\lib\jce.jar;C:\Program Files\Java\jdk1.7\jre\lib\charsets.jar;C:\Program Files\Java\jdk1.7\jre\lib\jfr.jar;C:\Program Files\Java\jdk1.7\jre\classes, hibernate.current_session_context_class=org.springframework.orm.hibernate4.SpringSessionContext, sun.desktop=windows, java.vm.specification.vendor=Oracle Corporation, java.runtime.version=1.7.0_25-b17, user.name=yingming.fang, shared.loader=, guice.disable.misplaced.annotation.check=true, tomcat.util.buf.StringCache.byte.enabled=true, user.language=en, java.naming.factory.initial=org.apache.naming.java.javaURLContextFactory, sun.boot.library.path=C:\Program Files\Java\jdk1.7\jre\bin, classworlds.conf=C:\Yingming Fang\software\apache-maven-3.0.5\bin\m2.conf, java.version=1.7.0_25, user.timezone=Asia/Shanghai, sun.arch.data.model=64, java.endorsed.dirs=C:\Program Files\Java\jdk1.7\jre\lib\endorsed, sun.cpu.isalist=amd64, sun.jnu.encoding=Cp1252, file.encoding.pkg=sun.io, package.access=sun.,org.apache.catalina.,org.apache.coyote.,org.apache.tomcat.,org.apache.jasper.,sun.beans., file.separator=\, java.specification.name=Java Platform API Specification, java.class.version=51.0, user.country=US, java.home=C:\Program Files\Java\jdk1.7\jre, java.vm.info=mixed mode, os.version=6.1, hibernate.connection.datasource=org.apache.commons.dbcp.BasicDataSource@6ec394d6, path.separator=;, java.vm.version=23.25-b01, user.variant=, java.awt.printerjob=sun.awt.windows.WPrinterJob, sun.io.unicode.encoding=UnicodeLittle, awt.toolkit=sun.awt.windows.WToolkit, package.definition=sun.,java.,org.apache.catalina.,org.apache.coyote.,org.apache.tomcat.,org.apache.jasper., user.script=, java.naming.factory.url.pkgs=org.apache.naming, user.home=C:\Users\yingming.fang, java.specification.vendor=Oracle Corporation, hibernate.classLoader.application=WebappClassLoader
  context: /multi-database
  delegate: false
  repositories:
    /WEB-INF/classes/
----------> Parent Classloader:
ClassRealm[plugin>org.codehaus.mojo:tomcat-maven-plugin:1.1, parent: sun.misc.Launcher$AppClassLoader@752a2259]
, java.library.path=C:\Program Files\Java\jdk1.7\bin;C:\Windows\Sun\Java\bin;C:\Windows\system32;C:\Windows;C:\Program Files (x86)\RSA SecurID Token Common;C:\Program Files (x86)\Intel\iCLS Client\;C:\Program Files\Intel\iCLS Client\;C:\Windows\system32;C:\Windows;C:\Windows\System32\Wbem;C:\Windows\System32\WindowsPowerShell\v1.0\;C:\Program Files\Intel\Intel(R) Management Engine Components\DAL;C:\Program Files\Intel\Intel(R) Management Engine Components\IPT;C:\Program Files (x86)\Intel\Intel(R) Management Engine Components\DAL;C:\Program Files (x86)\Intel\Intel(R) Management Engine Components\IPT;C:\Program Files (x86)\Intel\OpenCL SDK\2.0\bin\x86;C:\Program Files (x86)\Intel\OpenCL SDK\2.0\bin\x64;C:\Program Files\Java\jdk1.7\bin;C:\Program Files\Java\jdk1.7\jre\bin;C:\Program Files\TortoiseSVN\bin;C:\Python27;C:\Yingming Fang\software\apache-maven-3.0.5\bin;C:\Program Files\MySQL\MySQL Server 5.6\bin;C:\Program Files (x86)\Microsoft SQL Server\100\Tools\Binn\VSShell\Common7\IDE\;C:\Program Files (x86)\Microsoft SQL Server\100\Tools\Binn\;C:\Program Files (x86)\Microsoft SQL Server\100\DTS\Binn\;C:\apache-ant\bin;C:\Program Files\Microsoft\Web Platform Installer\;c:\Program Files (x86)\Microsoft ASP.NET\ASP.NET Web Pages\v1.0\;C:\Program Files\TortoiseGit\bin;C:\Yingming Fang\software\spring roo\spring-roo-1.2.4.RELEASE/bin;C:\Program Files (x86)\Git\bin;C:\sonar-runner-2.3\bin;., java.vendor.url=http://java.oracle.com/, java.vm.vendor=Oracle Corporation, hibernate.dialect=org.hibernate.dialect.MySQLDialect, common.loader=C:\Yingming Fang\project\blog-transfer\multi-database-service\target\tomcat/lib,C:\Yingming Fang\project\blog-transfer\multi-database-service\target\tomcat/lib/*.jar, maven.home=C:\Yingming Fang\software\apache-maven-3.0.5, java.runtime.name=Java(TM) SE Runtime Environment, sun.java.command=org.codehaus.plexus.classworlds.launcher.Launcher tomcat:run, java.class.path=C:\Yingming Fang\software\apache-maven-3.0.5\boot\plexus-classworlds-2.4.jar, hibernate.bytecode.use_reflection_optimizer=false, java.vm.specification.name=Java Virtual Machine Specification, java.vm.specification.version=1.7, catalina.home=C:\Yingming Fang\project\blog-transfer\multi-database-service\target\tomcat, sun.cpu.endian=little, sun.os.patch.level=Service Pack 1, java.io.tmpdir=C:\Users\YINGMI~1.FAN\AppData\Local\Temp\, java.vendor.url.bug=http://bugreport.sun.com/bugreport/, server.loader=, os.arch=amd64, java.awt.graphicsenv=sun.awt.Win32GraphicsEnvironment, java.ext.dirs=C:\Program Files\Java\jdk1.7\jre\lib\ext;C:\Windows\Sun\Java\lib\ext, user.dir=C:\Yingming Fang\project\blog-transfer\multi-database-service, line.separator=
, java.vm.name=Java HotSpot(TM) 64-Bit Server VM, file.encoding=Cp1252, java.specification.version=1.7, hibernate.show_sql=true}
DEBUG http-8080-1 org.hibernate.validator.internal.engine.resolver.DefaultTraversableResolver - Found javax.persistence.Persistence on classpath containing 'getPersistenceUtil'. Assuming JPA 2 environment. Trying to instantiate JPA aware TraversableResolver
DEBUG http-8080-1 org.hibernate.validator.internal.engine.resolver.DefaultTraversableResolver - Instantiated JPA aware TraversableResolver of type org.hibernate.validator.internal.engine.resolver.JPATraversableResolver.
DEBUG http-8080-1 org.hibernate.validator.internal.xml.ValidationXmlParser - Trying to load META-INF/validation.xml for XML based Validator configuration.
DEBUG http-8080-1 org.hibernate.validator.internal.xml.ValidationXmlParser - No META-INF/validation.xml found. Using annotation based configuration only.
DEBUG http-8080-1 org.hibernate.validator.internal.engine.resolver.DefaultTraversableResolver - Found javax.persistence.Persistence on classpath containing 'getPersistenceUtil'. Assuming JPA 2 environment. Trying to instantiate JPA aware TraversableResolver
DEBUG http-8080-1 org.hibernate.validator.internal.engine.resolver.DefaultTraversableResolver - Instantiated JPA aware TraversableResolver of type org.hibernate.validator.internal.engine.resolver.JPATraversableResolver.
DEBUG http-8080-1 org.hibernate.validator.internal.xml.ValidationXmlParser - Trying to load META-INF/validation.xml for XML based Validator configuration.
DEBUG http-8080-1 org.hibernate.validator.internal.xml.ValidationXmlParser - No META-INF/validation.xml found. Using annotation based configuration only.
DEBUG http-8080-1 org.hibernate.internal.SessionFactoryRegistry - Registering SessionFactory: 2beeaa4b-7d92-4623-b8e6-1b219f018ee5 (<unnamed>)
DEBUG http-8080-1 org.hibernate.internal.SessionFactoryRegistry - Not binding SessionFactory to JNDI, no JNDI name configured
DEBUG http-8080-1 org.hibernate.internal.SessionFactoryImpl - Instantiated session factory
DEBUG http-8080-1 org.hibernate.internal.SessionFactoryImpl - Checking 0 named HQL queries
DEBUG http-8080-1 org.hibernate.internal.SessionFactoryImpl - Checking 0 named SQL queries
DEBUG http-8080-1 org.hibernate.stat.internal.StatisticsInitiator - Statistics initialized [enabled=false]
DEBUG http-8080-1 org.hibernate.SQL - CALL SP_Get_User()
DEBUG http-8080-1 org.hibernate.engine.jdbc.internal.LogicalConnectionImpl - Obtaining JDBC connection
DEBUG http-8080-1 org.hibernate.engine.jdbc.internal.LogicalConnectionImpl - Obtained JDBC connection
DEBUG http-8080-1 org.hibernate.loader.Loader - Result set row: 0
DEBUG http-8080-1 org.hibernate.loader.Loader - Result row: 
DEBUG http-8080-1 org.hibernate.engine.jdbc.internal.LogicalConnectionImpl - Releasing JDBC connection
DEBUG http-8080-1 org.hibernate.engine.jdbc.internal.LogicalConnectionImpl - Released JDBC connection
DEBUG http-8080-1 org.springframework.web.servlet.mvc.method.annotation.HttpEntityMethodProcessor - Written [[{"lastLogin":1401263630000,"registedDate":1401263630000,"userId":2,"userName":"ftutor","userPassword":"ftutor"}]] as "text/html" using [org.springframework.http.converter.StringHttpMessageConverter@1dd5e0b3]
DEBUG http-8080-1 org.springframework.web.servlet.DispatcherServlet - Null ModelAndView returned to DispatcherServlet with name 'opera': assuming HandlerAdapter completed request handling
DEBUG http-8080-1 org.springframework.web.servlet.DispatcherServlet - Successfully completed request
DEBUG http-8080-1 org.springframework.orm.jpa.support.OpenEntityManagerInViewFilter - Closing JPA EntityManager in OpenEntityManagerInViewFilter
DEBUG http-8080-1 org.springframework.orm.jpa.EntityManagerFactoryUtils - Closing JPA EntityManager
INFO Thread-2 org.springframework.web.context.support.XmlWebApplicationContext - Closing WebApplicationContext for namespace 'opera-servlet': startup date [Thu May 29 11:06:49 CST 2014]; parent: Root WebApplicationContext
DEBUG Thread-2 org.springframework.beans.factory.support.DefaultListableBeanFactory - Returning cached instance of singleton bean 'lifecycleProcessor'
INFO Thread-2 org.springframework.beans.factory.support.DefaultListableBeanFactory - Destroying singletons in org.springframework.beans.factory.support.DefaultListableBeanFactory@2aff94b6: defining beans [mockController,org.springframework.context.annotation.internalConfigurationAnnotationProcessor,org.springframework.context.annotation.internalAutowiredAnnotationProcessor,org.springframework.context.annotation.internalRequiredAnnotationProcessor,org.springframework.context.annotation.internalCommonAnnotationProcessor,org.springframework.context.annotation.internalPersistenceAnnotationProcessor,mvcContentNegotiationManager,org.springframework.web.servlet.mvc.method.annotation.RequestMappingHandlerMapping#0,org.springframework.format.support.FormattingConversionServiceFactoryBean#0,org.springframework.validation.beanvalidation.LocalValidatorFactoryBean#0,org.springframework.web.servlet.mvc.method.annotation.RequestMappingHandlerAdapter#0,org.springframework.web.servlet.handler.MappedInterceptor#0,org.springframework.web.servlet.mvc.method.annotation.ExceptionHandlerExceptionResolver#0,org.springframework.web.servlet.mvc.annotation.ResponseStatusExceptionResolver#0,org.springframework.web.servlet.mvc.support.DefaultHandlerExceptionResolver#0,org.springframework.web.servlet.handler.BeanNameUrlHandlerMapping,org.springframework.web.servlet.mvc.HttpRequestHandlerAdapter,org.springframework.web.servlet.mvc.SimpleControllerHandlerAdapter,org.springframework.web.servlet.resource.ResourceHttpRequestHandler#0,org.springframework.web.servlet.handler.SimpleUrlHandlerMapping#0,org.springframework.web.servlet.resource.DefaultServletHttpRequestHandler#0,org.springframework.web.servlet.handler.SimpleUrlHandlerMapping#1,org.springframework.web.servlet.handler.MappedInterceptor#1,org.springframework.web.servlet.handler.MappedInterceptor#2,org.springframework.web.servlet.config.viewControllerHandlerMapping,messageSource,localeResolver,themeSource,themeResolver,org.springframework.web.servlet.handler.SimpleMappingExceptionResolver#0,multipartResolver,tilesViewResolver,tilesConfigurer,org.springframework.context.annotation.ConfigurationClassPostProcessor.importAwareProcessor]; parent: org.springframework.beans.factory.support.DefaultListableBeanFactory@1301661c
DEBUG Thread-2 org.springframework.beans.factory.support.DisposableBeanAdapter - Invoking destroy() on bean with name 'tilesConfigurer'
INFO Thread-2 org.apache.tiles.access.TilesAccess - Removing TilesContext for context: org.springframework.web.servlet.view.tiles2.SpringTilesApplicationContextFactory$SpringWildcardServletTilesApplicationContext
DEBUG Thread-2 org.springframework.beans.factory.support.DefaultListableBeanFactory - Retrieved dependent beans for bean '(inner bean)#14': [org.springframework.web.servlet.config.viewControllerHandlerMapping]
DEBUG Thread-2 org.springframework.beans.factory.support.DefaultListableBeanFactory - Retrieved dependent beans for bean '(inner bean)#8': [org.springframework.web.servlet.mvc.method.annotation.ExceptionHandlerExceptionResolver#0]
DEBUG Thread-2 org.springframework.beans.factory.support.DefaultListableBeanFactory - Retrieved dependent beans for bean '(inner bean)#1': [org.springframework.web.servlet.mvc.method.annotation.RequestMappingHandlerAdapter#0]
DEBUG Thread-2 org.springframework.beans.factory.support.DefaultListableBeanFactory - Retrieved dependent beans for bean 'org.springframework.web.servlet.i18n.LocaleChangeInterceptor#0': [org.springframework.web.servlet.handler.MappedInterceptor#2]
DEBUG Thread-2 org.springframework.beans.factory.support.DefaultListableBeanFactory - Retrieved dependent beans for bean 'org.springframework.web.servlet.theme.ThemeChangeInterceptor#0': [org.springframework.web.servlet.handler.MappedInterceptor#1]
DEBUG Thread-2 org.springframework.beans.factory.support.DefaultListableBeanFactory - Retrieved dependent beans for bean '(inner bean)': [org.springframework.web.servlet.handler.MappedInterceptor#0]
INFO Thread-2 org.springframework.web.context.support.XmlWebApplicationContext - Closing Root WebApplicationContext: startup date [Thu May 29 11:06:47 CST 2014]; root of context hierarchy
DEBUG Thread-2 org.springframework.beans.factory.support.DefaultListableBeanFactory - Returning cached instance of singleton bean 'lifecycleProcessor'
INFO Thread-2 org.springframework.beans.factory.support.DefaultListableBeanFactory - Destroying singletons in org.springframework.beans.factory.support.DefaultListableBeanFactory@1301661c: defining beans [org.springframework.context.support.PropertySourcesPlaceholderConfigurer#0,org.springframework.context.config.internalBeanConfigurerAspect,org.springframework.context.annotation.internalConfigurationAnnotationProcessor,org.springframework.context.annotation.internalAutowiredAnnotationProcessor,org.springframework.context.annotation.internalRequiredAnnotationProcessor,org.springframework.context.annotation.internalCommonAnnotationProcessor,org.springframework.context.annotation.internalPersistenceAnnotationProcessor,dataSource,transactionManager,org.springframework.transaction.config.internalTransactionAspect,entityManagerFactory,org.springframework.context.annotation.ConfigurationClassPostProcessor.importAwareProcessor]; root of factory hierarchy
DEBUG Thread-2 org.springframework.beans.factory.support.DisposableBeanAdapter - Invoking destroy() on bean with name 'org.springframework.context.config.internalBeanConfigurerAspect'
DEBUG Thread-2 org.springframework.beans.factory.support.DisposableBeanAdapter - Invoking destroy() on bean with name 'entityManagerFactory'
INFO Thread-2 org.springframework.orm.jpa.LocalContainerEntityManagerFactoryBean - Closing JPA EntityManagerFactory for persistence unit 'persistenceUnit'
DEBUG Thread-2 org.hibernate.internal.SessionFactoryImpl - HHH000031: Closing
DEBUG Thread-2 org.hibernate.ejb.internal.EntityManagerFactoryRegistry - Remove: name=persistenceUnit
DEBUG Thread-2 org.springframework.beans.factory.support.DisposableBeanAdapter - Invoking destroy method 'close' on bean with name 'dataSource'
